<?xml version="1.0" encoding="UTF-8"?>
<!-- Generated by org.testng.reporters.JUnitXMLReporter -->
<testsuite ignored="4" hostname="LAPTOP-2D0MJJ4C" failures="0" tests="1" name="Test" time="5.66" errors="0" timestamp="07 Mar 2023 14:43:41 GMT">
  <testcase classname="TestClasses.Webtable" name="TC012" time="0.012"/>
  <testcase classname="TestClasses.Webtable" name="TC010_checkValues" time="0.0">
    <ignored/>
  </testcase> <!-- TC010_checkValues -->
  <testcase classname="TestClasses.Webtable" name="TC008_Headercheck" time="0.0">
    <ignored/>
  </testcase> <!-- TC008_Headercheck -->
  <testcase classname="TestClasses.Webtable" name="TC011_selectOneCheckBox" time="0.0">
    <ignored/>
  </testcase> <!-- TC011_selectOneCheckBox -->
  <testcase classname="TestClasses.Webtable" name="TC009_webtableBasic" time="0.0">
    <ignored/>
  </testcase> <!-- TC009_webtableBasic -->
</testsuite> <!-- Test -->
