<?xml version="1.0" encoding="UTF-8"?>
<!-- Generated by org.testng.reporters.JUnitXMLReporter -->
<testsuite ignored="3" hostname="LAPTOP-2D0MJJ4C" failures="2" tests="2" name="Test" time="0.151" errors="0" timestamp="21 May 2023 09:06:22 GMT">
  <testcase classname="TestClasses.Webtable" name="TC010_checkValues" time="0.062">
    <failure type="java.lang.NullPointerException" message="Cannot invoke &amp;quot;com.relevantcodes.extentreports.ExtentReports.startTest(String)&amp;quot; because &amp;quot;TestClasses.Webtable.report&amp;quot; is null">
      <![CDATA[java.lang.NullPointerException: Cannot invoke "com.relevantcodes.extentreports.ExtentReports.startTest(String)" because "TestClasses.Webtable.report" is null
at TestClasses.Webtable.TC010_checkValues(Webtable.java:96)
... Removed 25 stack frames]]>
    </failure>
  </testcase> <!-- TC010_checkValues -->
  <testcase classname="TestClasses.Webtable" name="TC011_selectOneCheckBox" time="0.004">
    <failure type="java.lang.NullPointerException" message="Cannot invoke &amp;quot;com.relevantcodes.extentreports.ExtentReports.startTest(String)&amp;quot; because &amp;quot;TestClasses.Webtable.report&amp;quot; is null">
      <![CDATA[java.lang.NullPointerException: Cannot invoke "com.relevantcodes.extentreports.ExtentReports.startTest(String)" because "TestClasses.Webtable.report" is null
at TestClasses.Webtable.TC011_selectOneCheckBox(Webtable.java:119)
... Removed 25 stack frames]]>
    </failure>
  </testcase> <!-- TC011_selectOneCheckBox -->
  <testcase classname="TestClasses.Webtable" name="TC012" time="0.0">
    <ignored/>
  </testcase> <!-- TC012 -->
  <testcase classname="TestClasses.Webtable" name="TC008_Headercheck" time="0.0">
    <ignored/>
  </testcase> <!-- TC008_Headercheck -->
  <testcase classname="TestClasses.Webtable" name="TC009_webtableBasic" time="0.0">
    <ignored/>
  </testcase> <!-- TC009_webtableBasic -->
</testsuite> <!-- Test -->
