<?xml version="1.0" encoding="UTF-8"?>
<testng-results ignored="4" total="5" passed="1" failed="0" skipped="0">
  <reporter-output>
  </reporter-output>
  <suite started-at="2023-03-07T14:43:36Z" name="Suite" finished-at="2023-03-07T14:43:41Z" duration-ms="5660">
    <groups>
      <group name="ipad">
        <method signature="Webtable.TC012()[pri:0, instance:TestClasses.Webtable@1c33c17b]" name="TC012" class="TestClasses.Webtable"/>
      </group> <!-- ipad -->
    </groups>
    <test started-at="2023-03-07T14:43:36Z" name="Test" finished-at="2023-03-07T14:43:41Z" duration-ms="5660">
      <class name="TestClasses.Webtable">
        <test-method is-config="true" signature="startTest(org.testng.ITestContext)[pri:0, instance:TestClasses.Webtable@1c33c17b]" started-at="2023-03-07T14:43:36Z" name="startTest" finished-at="2023-03-07T14:43:36Z" duration-ms="115" status="PASS">
          <params>
            <param index="0">
              <value>
                <![CDATA[org.testng.TestRunner@656f62dc]]>
              </value>
            </param>
          </params>
          <reporter-output>
          </reporter-output>
        </test-method> <!-- startTest -->
        <test-method is-config="true" signature="initializeTest()[pri:0, instance:TestClasses.Webtable@1c33c17b]" started-at="2023-03-07T14:43:36Z" name="initializeTest" finished-at="2023-03-07T14:43:40Z" duration-ms="4627" status="PASS">
          <reporter-output>
          </reporter-output>
        </test-method> <!-- initializeTest -->
        <test-method signature="TC012()[pri:0, instance:TestClasses.Webtable@1c33c17b]" started-at="2023-03-07T14:43:40Z" name="TC012" finished-at="2023-03-07T14:43:41Z" duration-ms="12" status="PASS">
          <reporter-output>
          </reporter-output>
        </test-method> <!-- TC012 -->
        <test-method is-config="true" signature="end_Test()[pri:0, instance:TestClasses.Webtable@1c33c17b]" started-at="2023-03-07T14:43:41Z" name="end_Test" finished-at="2023-03-07T14:43:41Z" duration-ms="648" status="PASS">
          <reporter-output>
          </reporter-output>
        </test-method> <!-- end_Test -->
        <test-method is-config="true" signature="endTest()[pri:0, instance:TestClasses.Webtable@1c33c17b]" started-at="2023-03-07T14:43:41Z" name="endTest" finished-at="2023-03-07T14:43:41Z" duration-ms="142" status="PASS">
          <reporter-output>
          </reporter-output>
        </test-method> <!-- endTest -->
      </class> <!-- TestClasses.Webtable -->
    </test> <!-- Test -->
  </suite> <!-- Suite -->
</testng-results>
